
  .   ____          _            __ _ _
 /\\ / ___'_ __ _ _(_)_ __  __ _ \ \ \ \
( ( )\___ | '_ | '_| | '_ \/ _` | \ \ \ \
 \\/  ___)| |_)| | | | | || (_| |  ) ) ) )
  '  |____| .__|_| |_|_| |_\__, | / / / /
 =========|_|==============|___/=/_/_/_/

 :: Spring Boot ::                (v3.4.1)

2026-02-20 17:29:08 [main] INFO  c.sonar.workflow.WorkflowApplication - Starting WorkflowApplication v1.0.0 using Java 25.0.1 with PID 11940 (C:\Users\Codebreaker\CODE\Sonar workflow\backend\target\workflow-system-1.0.0.jar started by Codebreaker in C:\Users\Codebreaker\CODE\Sonar workflow\backend)
2026-02-20 17:29:08 [main] DEBUG c.sonar.workflow.WorkflowApplication - Running with Spring Boot v3.4.1, Spring v6.2.1
2026-02-20 17:29:08 [main] INFO  c.sonar.workflow.WorkflowApplication - No active profile set, falling back to 1 default profile: "default"
2026-02-20 17:29:09 [main] INFO  o.s.d.r.c.RepositoryConfigurationDelegate - Bootstrapping Spring Data JPA repositories in DEFAULT mode.
2026-02-20 17:29:09 [main] INFO  o.s.d.r.c.RepositoryConfigurationDelegate - Finished Spring Data repository scanning in 78 ms. Found 50 JPA repository interfaces.
WARNING: A restricted method in java.lang.System has been called
WARNING: java.lang.System::load has been called by org.apache.tomcat.jni.Library in an unnamed module (jar:nested:/C:/Users/Codebreaker/CODE/Sonar%20workflow/backend/target/workflow-system-1.0.0.jar/!BOOT-INF/lib/tomcat-embed-core-10.1.34.jar!/)
WARNING: Use --enable-native-access=ALL-UNNAMED to avoid a warning for callers in this module
WARNING: Restricted methods will be blocked in a future release unless native access is enabled

2026-02-20 17:29:09 [main] INFO  o.s.b.w.e.tomcat.TomcatWebServer - Tomcat initialized with port 9500 (http)
2026-02-20 17:29:09 [main] INFO  o.a.catalina.core.StandardService - Starting service [Tomcat]
2026-02-20 17:29:09 [main] INFO  o.a.catalina.core.StandardEngine - Starting Servlet engine: [Apache Tomcat/10.1.34]
2026-02-20 17:29:09 [main] INFO  o.a.c.c.C.[Tomcat].[localhost].[/] - Initializing Spring embedded WebApplicationContext
2026-02-20 17:29:09 [main] INFO  o.s.b.w.s.c.ServletWebServerApplicationContext - Root WebApplicationContext: initialization completed in 1204 ms
2026-02-20 17:29:10 [main] INFO  o.h.jpa.internal.util.LogHelper - HHH000204: Processing PersistenceUnitInfo [name: default]
2026-02-20 17:29:10 [main] INFO  org.hibernate.Version - HHH000412: Hibernate ORM core version 6.6.4.Final
2026-02-20 17:29:10 [main] INFO  o.h.c.i.RegionFactoryInitiator - HHH000026: Second-level cache disabled
2026-02-20 17:29:10 [main] INFO  o.s.o.j.p.SpringPersistenceUnitInfo - No LoadTimeWeaver setup: ignoring JPA class transformer
2026-02-20 17:29:10 [main] INFO  com.zaxxer.hikari.HikariDataSource - HikariPool-1 - Starting...
2026-02-20 17:29:10 [main] INFO  com.zaxxer.hikari.pool.HikariPool - HikariPool-1 - Added connection org.postgresql.jdbc.PgConnection@6e6f5842
2026-02-20 17:29:10 [main] INFO  com.zaxxer.hikari.HikariDataSource - HikariPool-1 - Start completed.
2026-02-20 17:29:10 [main] WARN  org.hibernate.orm.deprecation - HHH90000025: PostgreSQLDialect does not need to be specified explicitly using 'hibernate.dialect' (remove the property setting and it will be selected by default)
2026-02-20 17:29:10 [main] INFO  o.hibernate.orm.connections.pooling - HHH10001005: Database info:
	Database JDBC URL [Connecting through datasource 'HikariDataSource (HikariPool-1)']
	Database driver: undefined/unknown
	Database version: 18.1
	Autocommit mode: undefined/unknown
	Isolation level: undefined/unknown
	Minimum pool size: undefined/unknown
	Maximum pool size: undefined/unknown
2026-02-20 17:29:11 [main] INFO  o.h.e.t.j.p.i.JtaPlatformInitiator - HHH000489: No JTA platform available (set 'hibernate.transaction.jta.platform' to enable JTA platform integration)
2026-02-20 17:29:12 [main] INFO  o.s.o.j.LocalContainerEntityManagerFactoryBean - Initialized JPA EntityManagerFactory for persistence unit 'default'
2026-02-20 17:29:12 [main] INFO  o.s.d.j.r.query.QueryEnhancerFactory - Hibernate is in classpath; If applicable, HQL parser will be used.
2026-02-20 17:29:12 [main] DEBUG c.s.w.s.JwtAuthenticationFilter - Filter 'jwtAuthenticationFilter' configured for use
2026-02-20 17:29:13 [main] INFO  o.s.s.c.a.a.c.InitializeAuthenticationProviderBeanManagerConfigurer$InitializeAuthenticationProviderManagerConfigurer - Global AuthenticationManager configured with AuthenticationProvider bean with name authenticationProvider
2026-02-20 17:29:13 [main] WARN  o.s.s.c.a.a.c.InitializeUserDetailsBeanManagerConfigurer$InitializeUserDetailsManagerConfigurer - Global AuthenticationManager configured with an AuthenticationProvider bean. UserDetailsService beans will not be used by Spring Security for automatically configuring username/password login. Consider removing the AuthenticationProvider bean. Alternatively, consider using the UserDetailsService in a manually instantiated DaoAuthenticationProvider. If the current configuration is intentional, to turn off this warning, increase the logging level of 'org.springframework.security.config.annotation.authentication.configuration.InitializeUserDetailsBeanManagerConfigurer' to ERROR
2026-02-20 17:29:14 [main] INFO  o.s.b.a.w.s.WelcomePageHandlerMapping - Adding welcome page: class path resource [static/index.html]
2026-02-20 17:29:14 [main] INFO  o.s.b.a.e.web.EndpointLinksResolver - Exposing 1 endpoint beneath base path '/actuator'
2026-02-20 17:29:14 [main] DEBUG o.s.s.web.DefaultSecurityFilterChain - Will secure any request with filters: DisableEncodeUrlFilter, WebAsyncManagerIntegrationFilter, SecurityContextHolderFilter, HeaderWriterFilter, CorsFilter, LogoutFilter, JwtAuthenticationFilter, RequestCacheAwareFilter, SecurityContextHolderAwareRequestFilter, AnonymousAuthenticationFilter, SessionManagementFilter, ExceptionTranslationFilter, AuthorizationFilter
2026-02-20 17:29:14 [main] WARN  o.s.s.c.a.web.builders.WebSecurity - You are asking Spring Security to ignore Ant [pattern='/']. This is not recommended -- please use permitAll via HttpSecurity#authorizeHttpRequests instead.
2026-02-20 17:29:14 [main] DEBUG o.s.s.web.DefaultSecurityFilterChain - Will not secure Ant [pattern='/']
2026-02-20 17:29:14 [main] WARN  o.s.s.c.a.web.builders.WebSecurity - You are asking Spring Security to ignore Ant [pattern='/index.html']. This is not recommended -- please use permitAll via HttpSecurity#authorizeHttpRequests instead.
2026-02-20 17:29:14 [main] DEBUG o.s.s.web.DefaultSecurityFilterChain - Will not secure Ant [pattern='/index.html']
2026-02-20 17:29:14 [main] WARN  o.s.s.c.a.web.builders.WebSecurity - You are asking Spring Security to ignore Ant [pattern='/favicon.ico']. This is not recommended -- please use permitAll via HttpSecurity#authorizeHttpRequests instead.
2026-02-20 17:29:14 [main] DEBUG o.s.s.web.DefaultSecurityFilterChain - Will not secure Ant [pattern='/favicon.ico']
2026-02-20 17:29:14 [main] WARN  o.s.s.c.a.web.builders.WebSecurity - You are asking Spring Security to ignore Ant [pattern='/error']. This is not recommended -- please use permitAll via HttpSecurity#authorizeHttpRequests instead.
2026-02-20 17:29:14 [main] DEBUG o.s.s.web.DefaultSecurityFilterChain - Will not secure Ant [pattern='/error']
2026-02-20 17:29:14 [main] WARN  o.s.s.c.a.web.builders.WebSecurity - You are asking Spring Security to ignore Ant [pattern='/**/*.js']. This is not recommended -- please use permitAll via HttpSecurity#authorizeHttpRequests instead.
2026-02-20 17:29:14 [main] DEBUG o.s.s.web.DefaultSecurityFilterChain - Will not secure Ant [pattern='/**/*.js']
2026-02-20 17:29:14 [main] WARN  o.s.s.c.a.web.builders.WebSecurity - You are asking Spring Security to ignore Ant [pattern='/**/*.css']. This is not recommended -- please use permitAll via HttpSecurity#authorizeHttpRequests instead.
2026-02-20 17:29:14 [main] DEBUG o.s.s.web.DefaultSecurityFilterChain - Will not secure Ant [pattern='/**/*.css']
2026-02-20 17:29:14 [main] WARN  o.s.s.c.a.web.builders.WebSecurity - You are asking Spring Security to ignore Ant [pattern='/**/*.map']. This is not recommended -- please use permitAll via HttpSecurity#authorizeHttpRequests instead.
2026-02-20 17:29:14 [main] DEBUG o.s.s.web.DefaultSecurityFilterChain - Will not secure Ant [pattern='/**/*.map']
2026-02-20 17:29:14 [main] WARN  o.s.s.c.a.web.builders.WebSecurity - You are asking Spring Security to ignore Ant [pattern='/**/*.woff']. This is not recommended -- please use permitAll via HttpSecurity#authorizeHttpRequests instead.
2026-02-20 17:29:14 [main] DEBUG o.s.s.web.DefaultSecurityFilterChain - Will not secure Ant [pattern='/**/*.woff']
2026-02-20 17:29:14 [main] WARN  o.s.s.c.a.web.builders.WebSecurity - You are asking Spring Security to ignore Ant [pattern='/**/*.woff2']. This is not recommended -- please use permitAll via HttpSecurity#authorizeHttpRequests instead.
2026-02-20 17:29:14 [main] DEBUG o.s.s.web.DefaultSecurityFilterChain - Will not secure Ant [pattern='/**/*.woff2']
2026-02-20 17:29:14 [main] WARN  o.s.s.c.a.web.builders.WebSecurity - You are asking Spring Security to ignore Ant [pattern='/**/*.ttf']. This is not recommended -- please use permitAll via HttpSecurity#authorizeHttpRequests instead.
2026-02-20 17:29:14 [main] DEBUG o.s.s.web.DefaultSecurityFilterChain - Will not secure Ant [pattern='/**/*.ttf']
2026-02-20 17:29:14 [main] WARN  o.s.s.c.a.web.builders.WebSecurity - You are asking Spring Security to ignore Ant [pattern='/**/*.png']. This is not recommended -- please use permitAll via HttpSecurity#authorizeHttpRequests instead.
2026-02-20 17:29:14 [main] DEBUG o.s.s.web.DefaultSecurityFilterChain - Will not secure Ant [pattern='/**/*.png']
2026-02-20 17:29:14 [main] WARN  o.s.s.c.a.web.builders.WebSecurity - You are asking Spring Security to ignore Ant [pattern='/**/*.jpg']. This is not recommended -- please use permitAll via HttpSecurity#authorizeHttpRequests instead.
2026-02-20 17:29:14 [main] DEBUG o.s.s.web.DefaultSecurityFilterChain - Will not secure Ant [pattern='/**/*.jpg']
2026-02-20 17:29:14 [main] WARN  o.s.s.c.a.web.builders.WebSecurity - You are asking Spring Security to ignore Ant [pattern='/**/*.svg']. This is not recommended -- please use permitAll via HttpSecurity#authorizeHttpRequests instead.
2026-02-20 17:29:14 [main] DEBUG o.s.s.web.DefaultSecurityFilterChain - Will not secure Ant [pattern='/**/*.svg']
2026-02-20 17:29:14 [main] WARN  o.s.s.c.a.web.builders.WebSecurity - You are asking Spring Security to ignore Ant [pattern='/**/*.gif']. This is not recommended -- please use permitAll via HttpSecurity#authorizeHttpRequests instead.
2026-02-20 17:29:14 [main] DEBUG o.s.s.web.DefaultSecurityFilterChain - Will not secure Ant [pattern='/**/*.gif']
2026-02-20 17:29:14 [main] WARN  o.s.s.c.a.web.builders.WebSecurity - You are asking Spring Security to ignore Ant [pattern='/assets/**']. This is not recommended -- please use permitAll via HttpSecurity#authorizeHttpRequests instead.
2026-02-20 17:29:14 [main] DEBUG o.s.s.web.DefaultSecurityFilterChain - Will not secure Ant [pattern='/assets/**']
2026-02-20 17:29:14 [main] WARN  o.s.s.c.a.web.builders.WebSecurity - You are asking Spring Security to ignore Ant [pattern='/login']. This is not recommended -- please use permitAll via HttpSecurity#authorizeHttpRequests instead.
2026-02-20 17:29:14 [main] DEBUG o.s.s.web.DefaultSecurityFilterChain - Will not secure Ant [pattern='/login']
2026-02-20 17:29:14 [main] WARN  o.s.s.c.a.web.builders.WebSecurity - You are asking Spring Security to ignore Ant [pattern='/dashboard']. This is not recommended -- please use permitAll via HttpSecurity#authorizeHttpRequests instead.
2026-02-20 17:29:14 [main] DEBUG o.s.s.web.DefaultSecurityFilterChain - Will not secure Ant [pattern='/dashboard']
2026-02-20 17:29:14 [main] WARN  o.s.s.c.a.web.builders.WebSecurity - You are asking Spring Security to ignore Ant [pattern='/workflows']. This is not recommended -- please use permitAll via HttpSecurity#authorizeHttpRequests instead.
2026-02-20 17:29:14 [main] DEBUG o.s.s.web.DefaultSecurityFilterChain - Will not secure Ant [pattern='/workflows']
2026-02-20 17:29:14 [main] WARN  o.s.s.c.a.web.builders.WebSecurity - You are asking Spring Security to ignore Ant [pattern='/workflows/**']. This is not recommended -- please use permitAll via HttpSecurity#authorizeHttpRequests instead.
2026-02-20 17:29:14 [main] DEBUG o.s.s.web.DefaultSecurityFilterChain - Will not secure Ant [pattern='/workflows/**']
2026-02-20 17:29:14 [main] WARN  o.s.s.c.a.web.builders.WebSecurity - You are asking Spring Security to ignore Ant [pattern='/approvals']. This is not recommended -- please use permitAll via HttpSecurity#authorizeHttpRequests instead.
2026-02-20 17:29:14 [main] DEBUG o.s.s.web.DefaultSecurityFilterChain - Will not secure Ant [pattern='/approvals']
2026-02-20 17:29:14 [main] WARN  o.s.s.c.a.web.builders.WebSecurity - You are asking Spring Security to ignore Ant [pattern='/approvals/**']. This is not recommended -- please use permitAll via HttpSecurity#authorizeHttpRequests instead.
2026-02-20 17:29:14 [main] DEBUG o.s.s.web.DefaultSecurityFilterChain - Will not secure Ant [pattern='/approvals/**']
2026-02-20 17:29:14 [main] WARN  o.s.s.c.a.web.builders.WebSecurity - You are asking Spring Security to ignore Ant [pattern='/my-submissions']. This is not recommended -- please use permitAll via HttpSecurity#authorizeHttpRequests instead.
2026-02-20 17:29:14 [main] DEBUG o.s.s.web.DefaultSecurityFilterChain - Will not secure Ant [pattern='/my-submissions']
2026-02-20 17:29:14 [main] WARN  o.s.s.c.a.web.builders.WebSecurity - You are asking Spring Security to ignore Ant [pattern='/my-submissions/**']. This is not recommended -- please use permitAll via HttpSecurity#authorizeHttpRequests instead.
2026-02-20 17:29:14 [main] DEBUG o.s.s.web.DefaultSecurityFilterChain - Will not secure Ant [pattern='/my-submissions/**']
2026-02-20 17:29:14 [main] WARN  o.s.s.c.a.web.builders.WebSecurity - You are asking Spring Security to ignore Ant [pattern='/admin']. This is not recommended -- please use permitAll via HttpSecurity#authorizeHttpRequests instead.
2026-02-20 17:29:14 [main] DEBUG o.s.s.web.DefaultSecurityFilterChain - Will not secure Ant [pattern='/admin']
2026-02-20 17:29:14 [main] WARN  o.s.s.c.a.web.builders.WebSecurity - You are asking Spring Security to ignore Ant [pattern='/admin/**']. This is not recommended -- please use permitAll via HttpSecurity#authorizeHttpRequests instead.
2026-02-20 17:29:14 [main] DEBUG o.s.s.web.DefaultSecurityFilterChain - Will not secure Ant [pattern='/admin/**']
2026-02-20 17:29:14 [main] WARN  o.s.s.c.a.web.builders.WebSecurity - You are asking Spring Security to ignore Ant [pattern='/settings']. This is not recommended -- please use permitAll via HttpSecurity#authorizeHttpRequests instead.
2026-02-20 17:29:14 [main] DEBUG o.s.s.web.DefaultSecurityFilterChain - Will not secure Ant [pattern='/settings']
2026-02-20 17:29:14 [main] WARN  o.s.s.c.a.web.builders.WebSecurity - You are asking Spring Security to ignore Ant [pattern='/settings/**']. This is not recommended -- please use permitAll via HttpSecurity#authorizeHttpRequests instead.
2026-02-20 17:29:14 [main] DEBUG o.s.s.web.DefaultSecurityFilterChain - Will not secure Ant [pattern='/settings/**']
2026-02-20 17:29:14 [main] WARN  o.s.s.c.a.web.builders.WebSecurity - You are asking Spring Security to ignore Ant [pattern='/users']. This is not recommended -- please use permitAll via HttpSecurity#authorizeHttpRequests instead.
2026-02-20 17:29:14 [main] DEBUG o.s.s.web.DefaultSecurityFilterChain - Will not secure Ant [pattern='/users']
2026-02-20 17:29:14 [main] WARN  o.s.s.c.a.web.builders.WebSecurity - You are asking Spring Security to ignore Ant [pattern='/users/**']. This is not recommended -- please use permitAll via HttpSecurity#authorizeHttpRequests instead.
2026-02-20 17:29:14 [main] DEBUG o.s.s.web.DefaultSecurityFilterChain - Will not secure Ant [pattern='/users/**']
2026-02-20 17:29:14 [main] WARN  o.s.s.c.a.web.builders.WebSecurity - You are asking Spring Security to ignore Ant [pattern='/roles']. This is not recommended -- please use permitAll via HttpSecurity#authorizeHttpRequests instead.
2026-02-20 17:29:14 [main] DEBUG o.s.s.web.DefaultSecurityFilterChain - Will not secure Ant [pattern='/roles']
2026-02-20 17:29:14 [main] WARN  o.s.s.c.a.web.builders.WebSecurity - You are asking Spring Security to ignore Ant [pattern='/roles/**']. This is not recommended -- please use permitAll via HttpSecurity#authorizeHttpRequests instead.
2026-02-20 17:29:14 [main] DEBUG o.s.s.web.DefaultSecurityFilterChain - Will not secure Ant [pattern='/roles/**']
2026-02-20 17:29:14 [main] WARN  o.s.s.c.a.web.builders.WebSecurity - You are asking Spring Security to ignore Ant [pattern='/sbus']. This is not recommended -- please use permitAll via HttpSecurity#authorizeHttpRequests instead.
2026-02-20 17:29:14 [main] DEBUG o.s.s.web.DefaultSecurityFilterChain - Will not secure Ant [pattern='/sbus']
2026-02-20 17:29:14 [main] WARN  o.s.s.c.a.web.builders.WebSecurity - You are asking Spring Security to ignore Ant [pattern='/sbus/**']. This is not recommended -- please use permitAll via HttpSecurity#authorizeHttpRequests instead.
2026-02-20 17:29:14 [main] DEBUG o.s.s.web.DefaultSecurityFilterChain - Will not secure Ant [pattern='/sbus/**']
2026-02-20 17:29:14 [main] WARN  o.s.s.c.a.web.builders.WebSecurity - You are asking Spring Security to ignore Ant [pattern='/audit']. This is not recommended -- please use permitAll via HttpSecurity#authorizeHttpRequests instead.
2026-02-20 17:29:14 [main] DEBUG o.s.s.web.DefaultSecurityFilterChain - Will not secure Ant [pattern='/audit']
2026-02-20 17:29:14 [main] WARN  o.s.s.c.a.web.builders.WebSecurity - You are asking Spring Security to ignore Ant [pattern='/audit/**']. This is not recommended -- please use permitAll via HttpSecurity#authorizeHttpRequests instead.
2026-02-20 17:29:14 [main] DEBUG o.s.s.web.DefaultSecurityFilterChain - Will not secure Ant [pattern='/audit/**']
2026-02-20 17:29:14 [main] WARN  o.s.s.c.a.web.builders.WebSecurity - You are asking Spring Security to ignore Ant [pattern='/profile']. This is not recommended -- please use permitAll via HttpSecurity#authorizeHttpRequests instead.
2026-02-20 17:29:14 [main] DEBUG o.s.s.web.DefaultSecurityFilterChain - Will not secure Ant [pattern='/profile']
2026-02-20 17:29:14 [main] WARN  o.s.s.c.a.web.builders.WebSecurity - You are asking Spring Security to ignore Ant [pattern='/profile/**']. This is not recommended -- please use permitAll via HttpSecurity#authorizeHttpRequests instead.
2026-02-20 17:29:14 [main] DEBUG o.s.s.web.DefaultSecurityFilterChain - Will not secure Ant [pattern='/profile/**']
2026-02-20 17:29:14 [main] WARN  o.s.s.c.a.web.builders.WebSecurity - You are asking Spring Security to ignore Ant [pattern='/change-password']. This is not recommended -- please use permitAll via HttpSecurity#authorizeHttpRequests instead.
2026-02-20 17:29:14 [main] DEBUG o.s.s.web.DefaultSecurityFilterChain - Will not secure Ant [pattern='/change-password']
2026-02-20 17:29:14 [main] WARN  o.s.s.c.a.web.builders.WebSecurity - You are asking Spring Security to ignore Ant [pattern='/forgot-password']. This is not recommended -- please use permitAll via HttpSecurity#authorizeHttpRequests instead.
2026-02-20 17:29:14 [main] DEBUG o.s.s.web.DefaultSecurityFilterChain - Will not secure Ant [pattern='/forgot-password']
2026-02-20 17:29:14 [main] WARN  o.s.s.c.a.web.builders.WebSecurity - You are asking Spring Security to ignore Ant [pattern='/reset-password']. This is not recommended -- please use permitAll via HttpSecurity#authorizeHttpRequests instead.
2026-02-20 17:29:14 [main] DEBUG o.s.s.web.DefaultSecurityFilterChain - Will not secure Ant [pattern='/reset-password']
2026-02-20 17:29:14 [main] WARN  o.s.s.c.a.web.builders.WebSecurity - You are asking Spring Security to ignore Ant [pattern='/reports']. This is not recommended -- please use permitAll via HttpSecurity#authorizeHttpRequests instead.
2026-02-20 17:29:14 [main] DEBUG o.s.s.web.DefaultSecurityFilterChain - Will not secure Ant [pattern='/reports']
2026-02-20 17:29:14 [main] WARN  o.s.s.c.a.web.builders.WebSecurity - You are asking Spring Security to ignore Ant [pattern='/reports/**']. This is not recommended -- please use permitAll via HttpSecurity#authorizeHttpRequests instead.
2026-02-20 17:29:14 [main] DEBUG o.s.s.web.DefaultSecurityFilterChain - Will not secure Ant [pattern='/reports/**']
2026-02-20 17:29:14 [main] WARN  o.s.s.c.a.web.builders.WebSecurity - You are asking Spring Security to ignore Ant [pattern='/categories']. This is not recommended -- please use permitAll via HttpSecurity#authorizeHttpRequests instead.
2026-02-20 17:29:14 [main] DEBUG o.s.s.web.DefaultSecurityFilterChain - Will not secure Ant [pattern='/categories']
2026-02-20 17:29:14 [main] WARN  o.s.s.c.a.web.builders.WebSecurity - You are asking Spring Security to ignore Ant [pattern='/categories/**']. This is not recommended -- please use permitAll via HttpSecurity#authorizeHttpRequests instead.
2026-02-20 17:29:14 [main] DEBUG o.s.s.web.DefaultSecurityFilterChain - Will not secure Ant [pattern='/categories/**']
2026-02-20 17:29:14 [main] WARN  o.s.s.c.a.web.builders.WebSecurity - You are asking Spring Security to ignore Ant [pattern='/corporates']. This is not recommended -- please use permitAll via HttpSecurity#authorizeHttpRequests instead.
2026-02-20 17:29:14 [main] DEBUG o.s.s.web.DefaultSecurityFilterChain - Will not secure Ant [pattern='/corporates']
2026-02-20 17:29:14 [main] WARN  o.s.s.c.a.web.builders.WebSecurity - You are asking Spring Security to ignore Ant [pattern='/corporates/**']. This is not recommended -- please use permitAll via HttpSecurity#authorizeHttpRequests instead.
2026-02-20 17:29:14 [main] DEBUG o.s.s.web.DefaultSecurityFilterChain - Will not secure Ant [pattern='/corporates/**']
2026-02-20 17:29:14 [main] WARN  o.s.s.c.a.web.builders.WebSecurity - You are asking Spring Security to ignore Ant [pattern='/branches']. This is not recommended -- please use permitAll via HttpSecurity#authorizeHttpRequests instead.
2026-02-20 17:29:14 [main] DEBUG o.s.s.web.DefaultSecurityFilterChain - Will not secure Ant [pattern='/branches']
2026-02-20 17:29:14 [main] WARN  o.s.s.c.a.web.builders.WebSecurity - You are asking Spring Security to ignore Ant [pattern='/branches/**']. This is not recommended -- please use permitAll via HttpSecurity#authorizeHttpRequests instead.
2026-02-20 17:29:14 [main] DEBUG o.s.s.web.DefaultSecurityFilterChain - Will not secure Ant [pattern='/branches/**']
2026-02-20 17:29:14 [main] WARN  o.s.s.c.a.web.builders.WebSecurity - You are asking Spring Security to ignore Ant [pattern='/departments']. This is not recommended -- please use permitAll via HttpSecurity#authorizeHttpRequests instead.
2026-02-20 17:29:14 [main] DEBUG o.s.s.web.DefaultSecurityFilterChain - Will not secure Ant [pattern='/departments']
2026-02-20 17:29:14 [main] WARN  o.s.s.c.a.web.builders.WebSecurity - You are asking Spring Security to ignore Ant [pattern='/departments/**']. This is not recommended -- please use permitAll via HttpSecurity#authorizeHttpRequests instead.
2026-02-20 17:29:14 [main] DEBUG o.s.s.web.DefaultSecurityFilterChain - Will not secure Ant [pattern='/departments/**']
2026-02-20 17:29:14 [main] WARN  o.s.s.c.a.web.builders.WebSecurity - You are asking Spring Security to ignore Ant [pattern='/email-approval']. This is not recommended -- please use permitAll via HttpSecurity#authorizeHttpRequests instead.
2026-02-20 17:29:14 [main] DEBUG o.s.s.web.DefaultSecurityFilterChain - Will not secure Ant [pattern='/email-approval']
2026-02-20 17:29:14 [main] WARN  o.s.s.c.a.web.builders.WebSecurity - You are asking Spring Security to ignore Ant [pattern='/email-approval/**']. This is not recommended -- please use permitAll via HttpSecurity#authorizeHttpRequests instead.
2026-02-20 17:29:14 [main] DEBUG o.s.s.web.DefaultSecurityFilterChain - Will not secure Ant [pattern='/email-approval/**']
2026-02-20 17:29:14 [main] WARN  o.s.s.c.a.web.builders.WebSecurity - You are asking Spring Security to ignore Ant [pattern='/sql-objects']. This is not recommended -- please use permitAll via HttpSecurity#authorizeHttpRequests instead.
2026-02-20 17:29:14 [main] DEBUG o.s.s.web.DefaultSecurityFilterChain - Will not secure Ant [pattern='/sql-objects']
2026-02-20 17:29:14 [main] WARN  o.s.s.c.a.web.builders.WebSecurity - You are asking Spring Security to ignore Ant [pattern='/sql-objects/**']. This is not recommended -- please use permitAll via HttpSecurity#authorizeHttpRequests instead.
2026-02-20 17:29:14 [main] DEBUG o.s.s.web.DefaultSecurityFilterChain - Will not secure Ant [pattern='/sql-objects/**']
2026-02-20 17:29:14 [main] WARN  o.s.s.c.a.web.builders.WebSecurity - You are asking Spring Security to ignore Ant [pattern='/api/sql-objects']. This is not recommended -- please use permitAll via HttpSecurity#authorizeHttpRequests instead.
2026-02-20 17:29:14 [main] DEBUG o.s.s.web.DefaultSecurityFilterChain - Will not secure Ant [pattern='/api/sql-objects']
2026-02-20 17:29:14 [main] WARN  o.s.s.c.a.web.builders.WebSecurity - You are asking Spring Security to ignore Ant [pattern='/api/sql-objects/**']. This is not recommended -- please use permitAll via HttpSecurity#authorizeHttpRequests instead.
2026-02-20 17:29:14 [main] DEBUG o.s.s.web.DefaultSecurityFilterChain - Will not secure Ant [pattern='/api/sql-objects/**']
2026-02-20 17:29:14 [main] INFO  o.s.b.w.e.tomcat.TomcatWebServer - Tomcat started on port 9500 (http) with context path '/'
2026-02-20 17:29:14 [main] INFO  c.sonar.workflow.WorkflowApplication - Started WorkflowApplication in 5.985 seconds (process running for 6.234)
2026-02-20 17:29:14 [main] INFO  c.s.workflow.config.DataInitializer - Updated approval_history action constraint to include RECALLED
2026-02-20 17:29:14 [main] INFO  c.s.workflow.config.DataInitializer - Updated email_approval_tokens action_type constraint to include ESCALATE and REVIEW
2026-02-20 17:29:14 [main] INFO  c.s.workflow.config.DataInitializer - Project settings initialized
2026-02-20 17:29:14 [main] INFO  c.s.workflow.config.DataInitializer - Data initialization completed
2026-02-20 17:29:25 [http-nio-9500-exec-2] INFO  o.a.c.c.C.[Tomcat].[localhost].[/] - Initializing Spring DispatcherServlet 'dispatcherServlet'
2026-02-20 17:29:25 [http-nio-9500-exec-2] INFO  o.s.web.servlet.DispatcherServlet - Initializing Servlet 'dispatcherServlet'
2026-02-20 17:29:25 [http-nio-9500-exec-2] INFO  o.s.web.servlet.DispatcherServlet - Completed initialization in 5 ms
2026-02-20 17:29:25 [http-nio-9500-exec-5] DEBUG o.s.security.web.FilterChainProxy - Securing GET /api/workflow-instances/pending-approvals/count
2026-02-20 17:29:25 [http-nio-9500-exec-3] DEBUG o.s.security.web.FilterChainProxy - Securing GET /api/workflow-instances/my-submissions/count
2026-02-20 17:29:25 [http-nio-9500-exec-2] DEBUG o.s.security.web.FilterChainProxy - Securing GET /api/workflows/active
2026-02-20 17:29:25 [http-nio-9500-exec-6] DEBUG o.s.security.web.FilterChainProxy - Securing GET /api/workflows
2026-02-20 17:29:25 [http-nio-9500-exec-4] DEBUG o.s.security.web.FilterChainProxy - Securing GET /api/settings/tab/Theme Settings
2026-02-20 17:29:26 [http-nio-9500-exec-9] DEBUG o.s.security.web.FilterChainProxy - Securing GET /api/workflows/active
2026-02-20 17:29:26 [http-nio-9500-exec-6] DEBUG o.s.security.web.FilterChainProxy - Secured GET /api/workflows
2026-02-20 17:29:26 [http-nio-9500-exec-3] DEBUG o.s.security.web.FilterChainProxy - Secured GET /api/workflow-instances/my-submissions/count
2026-02-20 17:29:26 [http-nio-9500-exec-9] DEBUG o.s.security.web.FilterChainProxy - Secured GET /api/workflows/active
2026-02-20 17:29:26 [http-nio-9500-exec-5] DEBUG o.s.security.web.FilterChainProxy - Secured GET /api/workflow-instances/pending-approvals/count
2026-02-20 17:29:26 [http-nio-9500-exec-2] DEBUG o.s.security.web.FilterChainProxy - Secured GET /api/workflows/active
2026-02-20 17:29:26 [http-nio-9500-exec-4] DEBUG o.s.security.web.FilterChainProxy - Secured GET /api/settings/tab/Theme Settings
2026-02-20 17:29:26 [http-nio-9500-exec-4] DEBUG o.s.s.a.m.AuthorizationManagerBeforeMethodInterceptor - Authorizing method invocation ReflectiveMethodInvocation: public org.springframework.http.ResponseEntity com.sonar.workflow.controller.SettingController.getSettingsByTab(java.lang.String); target is of class [com.sonar.workflow.controller.SettingController]
2026-02-20 17:29:26 [http-nio-9500-exec-4] DEBUG o.s.s.a.m.AuthorizationManagerBeforeMethodInterceptor - Authorized method invocation ReflectiveMethodInvocation: public org.springframework.http.ResponseEntity com.sonar.workflow.controller.SettingController.getSettingsByTab(java.lang.String); target is of class [com.sonar.workflow.controller.SettingController]
2026-02-20 17:29:26 [http-nio-9500-exec-7] DEBUG o.s.security.web.FilterChainProxy - Securing GET /api/workflow-instances/pending-approvals?page=0&size=5
2026-02-20 17:29:26 [http-nio-9500-exec-10] DEBUG o.s.security.web.FilterChainProxy - Securing GET /api/workflow-instances/my-submissions?page=0&size=200
2026-02-20 17:29:26 [http-nio-9500-exec-10] DEBUG o.s.security.web.FilterChainProxy - Secured GET /api/workflow-instances/my-submissions?page=0&size=200
2026-02-20 17:29:26 [http-nio-9500-exec-1] DEBUG o.s.security.web.FilterChainProxy - Securing GET /api/projects/dashboard
2026-02-20 17:29:26 [http-nio-9500-exec-7] DEBUG o.s.security.web.FilterChainProxy - Secured GET /api/workflow-instances/pending-approvals?page=0&size=5
2026-02-20 17:29:26 [http-nio-9500-exec-1] DEBUG o.s.security.web.FilterChainProxy - Secured GET /api/projects/dashboard
2026-02-20 17:29:26 [http-nio-9500-exec-1] DEBUG o.s.s.a.m.AuthorizationManagerBeforeMethodInterceptor - Authorizing method invocation ReflectiveMethodInvocation: public org.springframework.http.ResponseEntity com.sonar.workflow.projects.controller.ProjectController.getDashboard(); target is of class [com.sonar.workflow.projects.controller.ProjectController]
2026-02-20 17:29:26 [http-nio-9500-exec-1] DEBUG o.s.s.a.m.AuthorizationManagerBeforeMethodInterceptor - Authorized method invocation ReflectiveMethodInvocation: public org.springframework.http.ResponseEntity com.sonar.workflow.projects.controller.ProjectController.getDashboard(); target is of class [com.sonar.workflow.projects.controller.ProjectController]
2026-02-20 17:29:59 [http-nio-9500-exec-1] DEBUG o.s.security.web.FilterChainProxy - Securing GET /api/projects/dashboard
2026-02-20 17:29:59 [http-nio-9500-exec-5] DEBUG o.s.security.web.FilterChainProxy - Securing GET /api/project-categories/active
2026-02-20 17:29:59 [http-nio-9500-exec-8] DEBUG o.s.security.web.FilterChainProxy - Securing GET /api/projects
2026-02-20 17:29:59 [http-nio-9500-exec-3] DEBUG o.s.security.web.FilterChainProxy - Securing GET /api/users/list
2026-02-20 17:29:59 [http-nio-9500-exec-3] DEBUG o.s.security.web.FilterChainProxy - Secured GET /api/users/list
2026-02-20 17:29:59 [http-nio-9500-exec-8] DEBUG o.s.security.web.FilterChainProxy - Secured GET /api/projects
2026-02-20 17:29:59 [http-nio-9500-exec-1] DEBUG o.s.security.web.FilterChainProxy - Secured GET /api/projects/dashboard
2026-02-20 17:29:59 [http-nio-9500-exec-5] DEBUG o.s.security.web.FilterChainProxy - Secured GET /api/project-categories/active
2026-02-20 17:29:59 [http-nio-9500-exec-1] DEBUG o.s.s.a.m.AuthorizationManagerBeforeMethodInterceptor - Authorizing method invocation ReflectiveMethodInvocation: public org.springframework.http.ResponseEntity com.sonar.workflow.projects.controller.ProjectController.getDashboard(); target is of class [com.sonar.workflow.projects.controller.ProjectController]
2026-02-20 17:29:59 [http-nio-9500-exec-8] DEBUG o.s.s.a.m.AuthorizationManagerBeforeMethodInterceptor - Authorizing method invocation ReflectiveMethodInvocation: public org.springframework.http.ResponseEntity com.sonar.workflow.projects.controller.ProjectController.getAllProjects(); target is of class [com.sonar.workflow.projects.controller.ProjectController]
2026-02-20 17:29:59 [http-nio-9500-exec-1] DEBUG o.s.s.a.m.AuthorizationManagerBeforeMethodInterceptor - Authorized method invocation ReflectiveMethodInvocation: public org.springframework.http.ResponseEntity com.sonar.workflow.projects.controller.ProjectController.getDashboard(); target is of class [com.sonar.workflow.projects.controller.ProjectController]
2026-02-20 17:29:59 [http-nio-9500-exec-8] DEBUG o.s.s.a.m.AuthorizationManagerBeforeMethodInterceptor - Authorized method invocation ReflectiveMethodInvocation: public org.springframework.http.ResponseEntity com.sonar.workflow.projects.controller.ProjectController.getAllProjects(); target is of class [com.sonar.workflow.projects.controller.ProjectController]
2026-02-20 17:30:02 [http-nio-9500-exec-6] DEBUG o.s.security.web.FilterChainProxy - Securing GET /api/workflows/active
2026-02-20 17:30:02 [http-nio-9500-exec-10] DEBUG o.s.security.web.FilterChainProxy - Securing GET /api/workflow-instances/my-submissions?page=0&size=200
2026-02-20 17:30:02 [http-nio-9500-exec-9] DEBUG o.s.security.web.FilterChainProxy - Securing GET /api/projects/dashboard
2026-02-20 17:30:02 [http-nio-9500-exec-2] DEBUG o.s.security.web.FilterChainProxy - Securing GET /api/workflow-instances/pending-approvals?page=0&size=5
2026-02-20 17:30:02 [http-nio-9500-exec-2] DEBUG o.s.security.web.FilterChainProxy - Secured GET /api/workflow-instances/pending-approvals?page=0&size=5
2026-02-20 17:30:02 [http-nio-9500-exec-9] DEBUG o.s.security.web.FilterChainProxy - Secured GET /api/projects/dashboard
2026-02-20 17:30:02 [http-nio-9500-exec-6] DEBUG o.s.security.web.FilterChainProxy - Secured GET /api/workflows/active
2026-02-20 17:30:02 [http-nio-9500-exec-10] DEBUG o.s.security.web.FilterChainProxy - Secured GET /api/workflow-instances/my-submissions?page=0&size=200
2026-02-20 17:30:02 [http-nio-9500-exec-9] DEBUG o.s.s.a.m.AuthorizationManagerBeforeMethodInterceptor - Authorizing method invocation ReflectiveMethodInvocation: public org.springframework.http.ResponseEntity com.sonar.workflow.projects.controller.ProjectController.getDashboard(); target is of class [com.sonar.workflow.projects.controller.ProjectController]
2026-02-20 17:30:02 [http-nio-9500-exec-9] DEBUG o.s.s.a.m.AuthorizationManagerBeforeMethodInterceptor - Authorized method invocation ReflectiveMethodInvocation: public org.springframework.http.ResponseEntity com.sonar.workflow.projects.controller.ProjectController.getDashboard(); target is of class [com.sonar.workflow.projects.controller.ProjectController]
2026-02-20 17:30:09 [http-nio-9500-exec-5] DEBUG o.s.security.web.FilterChainProxy - Securing GET /api/workflow-instances/pending-approvals?page=0&size=10
2026-02-20 17:30:09 [http-nio-9500-exec-5] DEBUG o.s.security.web.FilterChainProxy - Secured GET /api/workflow-instances/pending-approvals?page=0&size=10
2026-02-20 17:30:11 [http-nio-9500-exec-1] DEBUG o.s.security.web.FilterChainProxy - Securing GET /api/workflow-instances/my-submissions?page=0&size=200
2026-02-20 17:30:11 [http-nio-9500-exec-8] DEBUG o.s.security.web.FilterChainProxy - Securing GET /api/workflows/active
2026-02-20 17:30:11 [http-nio-9500-exec-2] DEBUG o.s.security.web.FilterChainProxy - Securing GET /api/projects/dashboard
2026-02-20 17:30:11 [http-nio-9500-exec-3] DEBUG o.s.security.web.FilterChainProxy - Securing GET /api/workflow-instances/pending-approvals?page=0&size=5
2026-02-20 17:30:11 [http-nio-9500-exec-1] DEBUG o.s.security.web.FilterChainProxy - Secured GET /api/workflow-instances/my-submissions?page=0&size=200
2026-02-20 17:30:11 [http-nio-9500-exec-8] DEBUG o.s.security.web.FilterChainProxy - Secured GET /api/workflows/active
2026-02-20 17:30:11 [http-nio-9500-exec-3] DEBUG o.s.security.web.FilterChainProxy - Secured GET /api/workflow-instances/pending-approvals?page=0&size=5
2026-02-20 17:30:11 [http-nio-9500-exec-2] DEBUG o.s.security.web.FilterChainProxy - Secured GET /api/projects/dashboard
2026-02-20 17:30:11 [http-nio-9500-exec-2] DEBUG o.s.s.a.m.AuthorizationManagerBeforeMethodInterceptor - Authorizing method invocation ReflectiveMethodInvocation: public org.springframework.http.ResponseEntity com.sonar.workflow.projects.controller.ProjectController.getDashboard(); target is of class [com.sonar.workflow.projects.controller.ProjectController]
2026-02-20 17:30:11 [http-nio-9500-exec-2] DEBUG o.s.s.a.m.AuthorizationManagerBeforeMethodInterceptor - Authorized method invocation ReflectiveMethodInvocation: public org.springframework.http.ResponseEntity com.sonar.workflow.projects.controller.ProjectController.getDashboard(); target is of class [com.sonar.workflow.projects.controller.ProjectController]
2026-02-20 17:30:15 [http-nio-9500-exec-4] DEBUG o.s.security.web.FilterChainProxy - Securing GET /api/users/list
2026-02-20 17:30:15 [http-nio-9500-exec-9] DEBUG o.s.security.web.FilterChainProxy - Securing GET /api/project-categories/active
2026-02-20 17:30:15 [http-nio-9500-exec-7] DEBUG o.s.security.web.FilterChainProxy - Securing GET /api/projects/2c9d6c8c-4dbf-4a5c-b134-59d765277892
2026-02-20 17:30:15 [http-nio-9500-exec-3] DEBUG o.s.security.web.FilterChainProxy - Securing GET /api/risk-issue-categories/by-type/RISK
2026-02-20 17:30:15 [http-nio-9500-exec-5] DEBUG o.s.security.web.FilterChainProxy - Securing GET /api/risk-issue-categories/by-type/ISSUE
2026-02-20 17:30:15 [http-nio-9500-exec-3] DEBUG o.s.security.web.FilterChainProxy - Secured GET /api/risk-issue-categories/by-type/RISK
2026-02-20 17:30:15 [http-nio-9500-exec-5] DEBUG o.s.security.web.FilterChainProxy - Secured GET /api/risk-issue-categories/by-type/ISSUE
2026-02-20 17:30:15 [http-nio-9500-exec-4] DEBUG o.s.security.web.FilterChainProxy - Secured GET /api/users/list
2026-02-20 17:30:15 [http-nio-9500-exec-7] DEBUG o.s.security.web.FilterChainProxy - Secured GET /api/projects/2c9d6c8c-4dbf-4a5c-b134-59d765277892
2026-02-20 17:30:15 [http-nio-9500-exec-9] DEBUG o.s.security.web.FilterChainProxy - Secured GET /api/project-categories/active
2026-02-20 17:30:15 [http-nio-9500-exec-7] DEBUG o.s.s.a.m.AuthorizationManagerBeforeMethodInterceptor - Authorizing method invocation ReflectiveMethodInvocation: public org.springframework.http.ResponseEntity com.sonar.workflow.projects.controller.ProjectController.getProjectById(java.util.UUID); target is of class [com.sonar.workflow.projects.controller.ProjectController]
2026-02-20 17:30:15 [http-nio-9500-exec-5] DEBUG o.s.s.a.m.AuthorizationManagerBeforeMethodInterceptor - Authorizing method invocation ReflectiveMethodInvocation: public org.springframework.http.ResponseEntity com.sonar.workflow.projects.controller.RiskIssueCategoryController.getByType(java.lang.String); target is of class [com.sonar.workflow.projects.controller.RiskIssueCategoryController]
2026-02-20 17:30:15 [http-nio-9500-exec-3] DEBUG o.s.s.a.m.AuthorizationManagerBeforeMethodInterceptor - Authorizing method invocation ReflectiveMethodInvocation: public org.springframework.http.ResponseEntity com.sonar.workflow.projects.controller.RiskIssueCategoryController.getByType(java.lang.String); target is of class [com.sonar.workflow.projects.controller.RiskIssueCategoryController]
2026-02-20 17:30:15 [http-nio-9500-exec-3] DEBUG o.s.s.a.m.AuthorizationManagerBeforeMethodInterceptor - Authorized method invocation ReflectiveMethodInvocation: public org.springframework.http.ResponseEntity com.sonar.workflow.projects.controller.RiskIssueCategoryController.getByType(java.lang.String); target is of class [com.sonar.workflow.projects.controller.RiskIssueCategoryController]
2026-02-20 17:30:15 [http-nio-9500-exec-7] DEBUG o.s.s.a.m.AuthorizationManagerBeforeMethodInterceptor - Authorized method invocation ReflectiveMethodInvocation: public org.springframework.http.ResponseEntity com.sonar.workflow.projects.controller.ProjectController.getProjectById(java.util.UUID); target is of class [com.sonar.workflow.projects.controller.ProjectController]
2026-02-20 17:30:15 [http-nio-9500-exec-5] DEBUG o.s.s.a.m.AuthorizationManagerBeforeMethodInterceptor - Authorized method invocation ReflectiveMethodInvocation: public org.springframework.http.ResponseEntity com.sonar.workflow.projects.controller.RiskIssueCategoryController.getByType(java.lang.String); target is of class [com.sonar.workflow.projects.controller.RiskIssueCategoryController]
2026-02-20 17:30:17 [http-nio-9500-exec-1] DEBUG o.s.security.web.FilterChainProxy - Securing GET /api/workflows/active
2026-02-20 17:30:17 [http-nio-9500-exec-8] DEBUG o.s.security.web.FilterChainProxy - Securing GET /api/workflow-instances/my-submissions?page=0&size=200
2026-02-20 17:30:17 [http-nio-9500-exec-2] DEBUG o.s.security.web.FilterChainProxy - Securing GET /api/workflow-instances/pending-approvals?page=0&size=5
2026-02-20 17:30:17 [http-nio-9500-exec-10] DEBUG o.s.security.web.FilterChainProxy - Securing GET /api/projects/dashboard
2026-02-20 17:30:17 [http-nio-9500-exec-2] DEBUG o.s.security.web.FilterChainProxy - Secured GET /api/workflow-instances/pending-approvals?page=0&size=5
2026-02-20 17:30:17 [http-nio-9500-exec-1] DEBUG o.s.security.web.FilterChainProxy - Secured GET /api/workflows/active
2026-02-20 17:30:17 [http-nio-9500-exec-10] DEBUG o.s.security.web.FilterChainProxy - Secured GET /api/projects/dashboard
2026-02-20 17:30:17 [http-nio-9500-exec-8] DEBUG o.s.security.web.FilterChainProxy - Secured GET /api/workflow-instances/my-submissions?page=0&size=200
2026-02-20 17:30:17 [http-nio-9500-exec-10] DEBUG o.s.s.a.m.AuthorizationManagerBeforeMethodInterceptor - Authorizing method invocation ReflectiveMethodInvocation: public org.springframework.http.ResponseEntity com.sonar.workflow.projects.controller.ProjectController.getDashboard(); target is of class [com.sonar.workflow.projects.controller.ProjectController]
2026-02-20 17:30:17 [http-nio-9500-exec-10] DEBUG o.s.s.a.m.AuthorizationManagerBeforeMethodInterceptor - Authorized method invocation ReflectiveMethodInvocation: public org.springframework.http.ResponseEntity com.sonar.workflow.projects.controller.ProjectController.getDashboard(); target is of class [com.sonar.workflow.projects.controller.ProjectController]
2026-02-20 17:30:32 [http-nio-9500-exec-7] DEBUG o.s.security.web.FilterChainProxy - Securing GET /api/email-settings
2026-02-20 17:30:32 [http-nio-9500-exec-5] DEBUG o.s.security.web.FilterChainProxy - Securing GET /api/settings/grouped
2026-02-20 17:30:32 [http-nio-9500-exec-3] DEBUG o.s.security.web.FilterChainProxy - Securing GET /api/roles
2026-02-20 17:30:32 [http-nio-9500-exec-7] DEBUG o.s.security.web.FilterChainProxy - Secured GET /api/email-settings
2026-02-20 17:30:32 [http-nio-9500-exec-3] DEBUG o.s.security.web.FilterChainProxy - Secured GET /api/roles
2026-02-20 17:30:32 [http-nio-9500-exec-5] DEBUG o.s.security.web.FilterChainProxy - Secured GET /api/settings/grouped
2026-02-20 17:30:32 [http-nio-9500-exec-5] DEBUG o.s.s.a.m.AuthorizationManagerBeforeMethodInterceptor - Authorizing method invocation ReflectiveMethodInvocation: public org.springframework.http.ResponseEntity com.sonar.workflow.controller.SettingController.getSettingsGroupedByTab(); target is of class [com.sonar.workflow.controller.SettingController]
2026-02-20 17:30:32 [http-nio-9500-exec-7] DEBUG o.s.s.a.m.AuthorizationManagerBeforeMethodInterceptor - Authorizing method invocation ReflectiveMethodInvocation: public org.springframework.http.ResponseEntity com.sonar.workflow.controller.EmailSettingsController.getSettings(); target is of class [com.sonar.workflow.controller.EmailSettingsController]
2026-02-20 17:30:32 [http-nio-9500-exec-3] DEBUG o.s.s.a.m.AuthorizationManagerBeforeMethodInterceptor - Authorizing method invocation ReflectiveMethodInvocation: public org.springframework.http.ResponseEntity com.sonar.workflow.controller.RoleController.getAllRoles(); target is of class [com.sonar.workflow.controller.RoleController]
2026-02-20 17:30:32 [http-nio-9500-exec-5] DEBUG o.s.s.a.m.AuthorizationManagerBeforeMethodInterceptor - Authorized method invocation ReflectiveMethodInvocation: public org.springframework.http.ResponseEntity com.sonar.workflow.controller.SettingController.getSettingsGroupedByTab(); target is of class [com.sonar.workflow.controller.SettingController]
2026-02-20 17:30:32 [http-nio-9500-exec-3] DEBUG o.s.s.a.m.AuthorizationManagerBeforeMethodInterceptor - Authorized method invocation ReflectiveMethodInvocation: public org.springframework.http.ResponseEntity com.sonar.workflow.controller.RoleController.getAllRoles(); target is of class [com.sonar.workflow.controller.RoleController]
2026-02-20 17:30:32 [http-nio-9500-exec-7] DEBUG o.s.s.a.m.AuthorizationManagerBeforeMethodInterceptor - Authorized method invocation ReflectiveMethodInvocation: public org.springframework.http.ResponseEntity com.sonar.workflow.controller.EmailSettingsController.getSettings(); target is of class [com.sonar.workflow.controller.EmailSettingsController]
2026-02-20 17:30:36 [http-nio-9500-exec-2] DEBUG o.s.security.web.FilterChainProxy - Securing GET /api/roles/list
2026-02-20 17:30:36 [http-nio-9500-exec-10] DEBUG o.s.security.web.FilterChainProxy - Securing GET /api/privileges
2026-02-20 17:30:36 [http-nio-9500-exec-10] DEBUG o.s.security.web.FilterChainProxy - Secured GET /api/privileges
2026-02-20 17:30:36 [http-nio-9500-exec-2] DEBUG o.s.security.web.FilterChainProxy - Secured GET /api/roles/list
2026-02-20 17:30:36 [http-nio-9500-exec-10] DEBUG o.s.s.a.m.AuthorizationManagerBeforeMethodInterceptor - Authorizing method invocation ReflectiveMethodInvocation: public org.springframework.http.ResponseEntity com.sonar.workflow.controller.PrivilegeController.getAllPrivileges(); target is of class [com.sonar.workflow.controller.PrivilegeController]
2026-02-20 17:30:36 [http-nio-9500-exec-2] DEBUG o.s.s.a.m.AuthorizationManagerBeforeMethodInterceptor - Authorizing method invocation ReflectiveMethodInvocation: public org.springframework.http.ResponseEntity com.sonar.workflow.controller.RoleController.getAllRolesList(); target is of class [com.sonar.workflow.controller.RoleController]
2026-02-20 17:30:36 [http-nio-9500-exec-10] DEBUG o.s.s.a.m.AuthorizationManagerBeforeMethodInterceptor - Authorized method invocation ReflectiveMethodInvocation: public org.springframework.http.ResponseEntity com.sonar.workflow.controller.PrivilegeController.getAllPrivileges(); target is of class [com.sonar.workflow.controller.PrivilegeController]
2026-02-20 17:30:36 [http-nio-9500-exec-2] DEBUG o.s.s.a.m.AuthorizationManagerBeforeMethodInterceptor - Authorized method invocation ReflectiveMethodInvocation: public org.springframework.http.ResponseEntity com.sonar.workflow.controller.RoleController.getAllRolesList(); target is of class [com.sonar.workflow.controller.RoleController]
2026-02-20 17:30:53 [http-nio-9500-exec-6] DEBUG o.s.security.web.FilterChainProxy - Securing GET /api/roles
2026-02-20 17:30:53 [http-nio-9500-exec-9] DEBUG o.s.security.web.FilterChainProxy - Securing GET /api/email-settings
2026-02-20 17:30:53 [http-nio-9500-exec-1] DEBUG o.s.security.web.FilterChainProxy - Securing GET /api/settings/grouped
2026-02-20 17:30:53 [http-nio-9500-exec-1] DEBUG o.s.security.web.FilterChainProxy - Secured GET /api/settings/grouped
2026-02-20 17:30:53 [http-nio-9500-exec-6] DEBUG o.s.security.web.FilterChainProxy - Secured GET /api/roles
2026-02-20 17:30:53 [http-nio-9500-exec-9] DEBUG o.s.security.web.FilterChainProxy - Secured GET /api/email-settings
2026-02-20 17:30:53 [http-nio-9500-exec-1] DEBUG o.s.s.a.m.AuthorizationManagerBeforeMethodInterceptor - Authorizing method invocation ReflectiveMethodInvocation: public org.springframework.http.ResponseEntity com.sonar.workflow.controller.SettingController.getSettingsGroupedByTab(); target is of class [com.sonar.workflow.controller.SettingController]
2026-02-20 17:30:53 [http-nio-9500-exec-6] DEBUG o.s.s.a.m.AuthorizationManagerBeforeMethodInterceptor - Authorizing method invocation ReflectiveMethodInvocation: public org.springframework.http.ResponseEntity com.sonar.workflow.controller.RoleController.getAllRoles(); target is of class [com.sonar.workflow.controller.RoleController]
2026-02-20 17:30:53 [http-nio-9500-exec-9] DEBUG o.s.s.a.m.AuthorizationManagerBeforeMethodInterceptor - Authorizing method invocation ReflectiveMethodInvocation: public org.springframework.http.ResponseEntity com.sonar.workflow.controller.EmailSettingsController.getSettings(); target is of class [com.sonar.workflow.controller.EmailSettingsController]
2026-02-20 17:30:53 [http-nio-9500-exec-6] DEBUG o.s.s.a.m.AuthorizationManagerBeforeMethodInterceptor - Authorized method invocation ReflectiveMethodInvocation: public org.springframework.http.ResponseEntity com.sonar.workflow.controller.RoleController.getAllRoles(); target is of class [com.sonar.workflow.controller.RoleController]
2026-02-20 17:30:53 [http-nio-9500-exec-1] DEBUG o.s.s.a.m.AuthorizationManagerBeforeMethodInterceptor - Authorized method invocation ReflectiveMethodInvocation: public org.springframework.http.ResponseEntity com.sonar.workflow.controller.SettingController.getSettingsGroupedByTab(); target is of class [com.sonar.workflow.controller.SettingController]
2026-02-20 17:30:53 [http-nio-9500-exec-9] DEBUG o.s.s.a.m.AuthorizationManagerBeforeMethodInterceptor - Authorized method invocation ReflectiveMethodInvocation: public org.springframework.http.ResponseEntity com.sonar.workflow.controller.EmailSettingsController.getSettings(); target is of class [com.sonar.workflow.controller.EmailSettingsController]
2026-02-20 18:00:00 [scheduling-1] INFO  c.s.w.service.EmailApprovalService - Cleaning up expired email approval tokens
